2025-06-09 14:43:28,151 - semgrep.notifications - WARNING - METRICS: Using configs from the Registry (like --config=p/ci) reports pseudonymous rule metrics to semgrep.dev.
To disable Registry rule metrics, use "--metrics=off".
Using configs only from local files (like --config=xyz.yml) does not enable metrics.

More information: https://semgrep.dev/docs/metrics

2025-06-09 14:43:28,152 - semgrep.run_scan - DEBUG - semgrep version 1.2.0
2025-06-09 14:43:28,161 - semgrep.git - DEBUG - Failed to get project url from 'git ls-remote': Command failed with exit code: 128
-----
Command failed with output:
fatal: No remote configured to list refs from.


Failed to run 'git ls-remote --get-url'. Possible reasons:

- the git binary is not available
- the current working directory is not a git repository
- the baseline commit is not a parent of the current commit
    (if you are running through semgrep-app, check if you are setting `SEMGREP_BRANCH` or `SEMGREP_BASELINE_COMMIT` properly)
- the current working directory is not marked as safe
    (fix with `git config --global --add safe.directory $(pwd)`)

Try running the command yourself to debug the issue.
2025-06-09 14:43:28,162 - semgrep.config_resolver - DEBUG - Loading local config from /home/runner/workspace/.config/.semgrep/semgrep_rules.json
2025-06-09 14:43:28,163 - semgrep.config_resolver - DEBUG - Done loading local config from /home/runner/workspace/.config/.semgrep/semgrep_rules.json
2025-06-09 14:43:28,166 - semgrep.config_resolver - DEBUG - Saving rules to /tmp/semgrep-gyjq57vj.rules
2025-06-09 14:43:28,332 - semgrep.semgrep_core - DEBUG - Failed to open resource semgrep-core-proprietary: [Errno 2] No such file or directory: '/tmp/_MEIFFYeC5/semgrep/bin/semgrep-core-proprietary'.
2025-06-09 14:43:28,780 - semgrep.rule_lang - DEBUG - semgrep-core validation response: valid=True
2025-06-09 14:43:28,780 - semgrep.rule_lang - DEBUG - semgrep-core validation succeeded
2025-06-09 14:43:28,780 - semgrep.rule_lang - DEBUG - RPC validation succeeded
2025-06-09 14:43:28,781 - semgrep.config_resolver - DEBUG - loaded 1 configs in 0.6198303699493408
2025-06-09 14:43:28,860 - semgrep.run_scan - VERBOSE - running 712 rules from 1 config /home/runner/workspace/.config/.semgrep/semgrep_rules.json_0
2025-06-09 14:43:28,861 - semgrep.run_scan - VERBOSE - No .semgrepignore found. Using default .semgrepignore rules. See the docs for the list of default ignores: https://semgrep.dev/docs/cli-usage/#ignore-files
2025-06-09 14:43:28,863 - semgrep.run_scan - VERBOSE - Rules:
2025-06-09 14:43:28,863 - semgrep.run_scan - VERBOSE - <SKIPPED DATA (too many entries; use --max-log-list-entries)>
2025-06-09 14:43:28,959 - semgrep.core_runner - DEBUG - Passing whole rules directly to semgrep_core
2025-06-09 14:43:29,031 - semgrep.core_runner - DEBUG - Running Semgrep engine with command:
2025-06-09 14:43:29,031 - semgrep.core_runner - DEBUG - /tmp/_MEIFFYeC5/semgrep/bin/opengrep-core -json -rules /tmp/tmp3s6mf759.json -j 8 -targets /tmp/tmpfswlz23b -timeout 5 -timeout_threshold 3 -max_memory 0 -fast
2025-06-09 14:43:30,508 - semgrep.core_runner - DEBUG - --- semgrep-core stderr ---
[00.07][[34mINFO[0m]: Executed as: /tmp/_MEIFFYeC5/semgrep/bin/opengrep-core -json -rules /tmp/tmp3s6mf759.json -j 8 -targets /tmp/tmpfswlz23b -timeout 5 -timeout_threshold 3 -max_memory 0 -fast
[00.07][[34mINFO[0m]: Version: 1.2.0
[00.07][[34mINFO[0m]: Parsing rules in /tmp/tmp3s6mf759.json
[00.53][[34mINFO[0m]: scan: processing 22 files (skipping 0), with 702 rules (skipping 0 )
[01.44][[34mINFO[0m]: Custom ignore pattern: None
[01.44][[34mINFO[0m]: Custom ignore pattern: None
--- end semgrep-core stderr ---
2025-06-09 14:43:30,514 - semgrep.rule_match - DEBUG - match_key = ('', PosixPath('app.py'), 'config..semgrep.vendored-rules.python.flask.security.audit.avoid_app_run_with_bad_host') match_id = e2644ad455a212799a0730b8ad76663d78adb024c9ffa8f9895fb57dd489e272a3f3cc1be65db0794f59188d07a860995892dbeae860c39d9e44d8f55bc0178b_0
2025-06-09 14:43:30,514 - semgrep.rule_match - DEBUG - match_key = ('app.run(..., "0.0.0.0", ...) app.run(..., host="0.0.0.0", ...)', PosixPath('app.py'), 'config..semgrep.vendored-rules.python.flask.security.audit.avoid_app_run_with_bad_host') match_id = ae1e85edb950475b372886323a86cda03f1745ee23989d2c30bcc60ba279204db7f4fed2d29af3c20a4ee5a7db75cf5c97a514131fa4638394995a94b74c6cc8_0
2025-06-09 14:43:30,515 - semgrep.rule_match - DEBUG - match_key = ('app.run(..., "0.0.0.0", ...) app.run(..., host="0.0.0.0", ...)', PosixPath('app.py'), 'config..semgrep.vendored-rules.python.flask.security.audit.avoid_app_run_with_bad_host') match_id = ae1e85edb950475b372886323a86cda03f1745ee23989d2c30bcc60ba279204db7f4fed2d29af3c20a4ee5a7db75cf5c97a514131fa4638394995a94b74c6cc8_0
2025-06-09 14:43:30,515 - semgrep.rule_match - DEBUG - match_key = ('app.run(..., "0.0.0.0", ...) app.run(..., host="0.0.0.0", ...)', PosixPath('app.py'), 'config..semgrep.vendored-rules.python.flask.security.audit.avoid_app_run_with_bad_host') match_id = ae1e85edb950475b372886323a86cda03f1745ee23989d2c30bcc60ba279204db7f4fed2d29af3c20a4ee5a7db75cf5c97a514131fa4638394995a94b74c6cc8_0
2025-06-09 14:43:30,516 - semgrep.rule_match - DEBUG - match_key = ('', PosixPath('app.py'), 'config..semgrep.vendored-rules.python.flask.security.audit.debug-enabled') match_id = b80416feb6b0c2c94812093632c35fe54d10ea2069f4547cf64c1d6c380704fe3dadae707ed562bdebf2cb39a9b4484dd15601f4a32db83c1e40ba04ae7d0175_0
2025-06-09 14:43:30,516 - semgrep.rule_match - DEBUG - match_key = ('app.run(..., debug=True, ...) import flask\n...\n', PosixPath('app.py'), 'config..semgrep.vendored-rules.python.flask.security.audit.debug-enabled') match_id = 02d3345a06f51164a46344efbf76b42a6a99d28277a21abfc9472d3e328408b28b239c943ddaed3fe92d9aa04f195fa8262f23114a0123f063dfd6f87a459e6b_0
2025-06-09 14:43:30,517 - semgrep.rule_match - DEBUG - match_key = ('app.run(..., debug=True, ...) import flask\n...\n', PosixPath('app.py'), 'config..semgrep.vendored-rules.python.flask.security.audit.debug-enabled') match_id = 02d3345a06f51164a46344efbf76b42a6a99d28277a21abfc9472d3e328408b28b239c943ddaed3fe92d9aa04f195fa8262f23114a0123f063dfd6f87a459e6b_0
2025-06-09 14:43:30,517 - semgrep.rule_match - DEBUG - match_key = ('app.run(..., debug=True, ...) import flask\n...\n', PosixPath('app.py'), 'config..semgrep.vendored-rules.python.flask.security.audit.debug-enabled') match_id = 02d3345a06f51164a46344efbf76b42a6a99d28277a21abfc9472d3e328408b28b239c943ddaed3fe92d9aa04f195fa8262f23114a0123f063dfd6f87a459e6b_0
2025-06-09 14:43:30,518 - semgrep.rule_match - DEBUG - match_key = ('', PosixPath('main.py'), 'config..semgrep.vendored-rules.python.flask.security.audit.avoid_app_run_with_bad_host') match_id = f5a1d78d28043340433dedc0a20165e63b50d9aa4305aede97be74105c8207b5b89db08fa6703decc4ec27aafa081254be07d38814f40c19f447cf4721551845_0
2025-06-09 14:43:30,518 - semgrep.rule_match - DEBUG - match_key = ('app.run(..., "0.0.0.0", ...) app.run(..., host="0.0.0.0", ...)', PosixPath('main.py'), 'config..semgrep.vendored-rules.python.flask.security.audit.avoid_app_run_with_bad_host') match_id = 5c1cbbc54bfaa7420b881ae9f997ad4b5ed5aa16b127a74e037d220112ac891aa501638c0e19641f765822573b5e6f14657485c6b72c0846fdec9bc63200dc57_0
2025-06-09 14:43:30,518 - semgrep.rule_match - DEBUG - match_key = ('app.run(..., "0.0.0.0", ...) app.run(..., host="0.0.0.0", ...)', PosixPath('main.py'), 'config..semgrep.vendored-rules.python.flask.security.audit.avoid_app_run_with_bad_host') match_id = 5c1cbbc54bfaa7420b881ae9f997ad4b5ed5aa16b127a74e037d220112ac891aa501638c0e19641f765822573b5e6f14657485c6b72c0846fdec9bc63200dc57_0
2025-06-09 14:43:30,519 - semgrep.rule_match - DEBUG - match_key = ('app.run(..., "0.0.0.0", ...) app.run(..., host="0.0.0.0", ...)', PosixPath('main.py'), 'config..semgrep.vendored-rules.python.flask.security.audit.avoid_app_run_with_bad_host') match_id = 5c1cbbc54bfaa7420b881ae9f997ad4b5ed5aa16b127a74e037d220112ac891aa501638c0e19641f765822573b5e6f14657485c6b72c0846fdec9bc63200dc57_0
2025-06-09 14:43:30,519 - semgrep.rule_match - DEBUG - match_key = ('', PosixPath('static/js/main.js'), 'config..semgrep.vendored-rules.javascript.browser.security.insecure-innerhtml') match_id = 2b86126e7b1d21a2147a0edaa6aeb022b6b5537f2b2b271b88c1c474963a057f975db86f09c9ad19d79f83ef16028d1eff14776b5ee13a4f9684c244062739a9_0
2025-06-09 14:43:30,520 - semgrep.rule_match - DEBUG - match_key = ('col.innerHTML = "...";\n col.innerHTML = `\n                <div class="card format-option" data-format-id="format.format_id">\n                    <div class="card-body text-center">\n                        <i class="icon format-icon text-isAudio\'success\'\'primary\'"></i>\n                        <div class="format-quality">format.quality</div>\n                        <div class="format-details">\n                            <span class="badge badgeClass">format.ext.toUpperCase()</span>\n                            format.filesize`<br><small>this.formatFileSize(format.filesize)</small>\'\'\n                            format.fps`<br><small>format.fps FPS</small>\'\'\n                        </div>\n                    </div>\n                </div>\n            ;\n', PosixPath('static/js/main.js'), 'config..semgrep.vendored-rules.javascript.browser.security.insecure-innerhtml') match_id = 073314aa1f1d94ed5e477c9c3ea6db60ae6490a438ccb698537e26f4469d79afe6f90f97561294fad290fb15e770c20fcb1d980c753877b2b419944e29cce481_0
2025-06-09 14:43:30,521 - semgrep.rule_match - DEBUG - match_key = ('col.innerHTML = "...";\n col.innerHTML = `\n                <div class="card format-option" data-format-id="format.format_id">\n                    <div class="card-body text-center">\n                        <i class="icon format-icon text-isAudio\'success\'\'primary\'"></i>\n                        <div class="format-quality">format.quality</div>\n                        <div class="format-details">\n                            <span class="badge badgeClass">format.ext.toUpperCase()</span>\n                            format.filesize`<br><small>this.formatFileSize(format.filesize)</small>\'\'\n                            format.fps`<br><small>format.fps FPS</small>\'\'\n                        </div>\n                    </div>\n                </div>\n            ;\n', PosixPath('static/js/main.js'), 'config..semgrep.vendored-rules.javascript.browser.security.insecure-innerhtml') match_id = 073314aa1f1d94ed5e477c9c3ea6db60ae6490a438ccb698537e26f4469d79afe6f90f97561294fad290fb15e770c20fcb1d980c753877b2b419944e29cce481_0
2025-06-09 14:43:30,521 - semgrep.rule_match - DEBUG - match_key = ('col.innerHTML = "...";\n col.innerHTML = `\n                <div class="card format-option" data-format-id="format.format_id">\n                    <div class="card-body text-center">\n                        <i class="icon format-icon text-isAudio\'success\'\'primary\'"></i>\n                        <div class="format-quality">format.quality</div>\n                        <div class="format-details">\n                            <span class="badge badgeClass">format.ext.toUpperCase()</span>\n                            format.filesize`<br><small>this.formatFileSize(format.filesize)</small>\'\'\n                            format.fps`<br><small>format.fps FPS</small>\'\'\n                        </div>\n                    </div>\n                </div>\n            ;\n', PosixPath('static/js/main.js'), 'config..semgrep.vendored-rules.javascript.browser.security.insecure-innerhtml') match_id = 073314aa1f1d94ed5e477c9c3ea6db60ae6490a438ccb698537e26f4469d79afe6f90f97561294fad290fb15e770c20fcb1d980c753877b2b419944e29cce481_0
2025-06-09 14:43:30,522 - semgrep.rule_match - DEBUG - match_key = ('', PosixPath('static/js/main.js'), 'config..semgrep.vendored-rules.javascript.browser.security.insecure-document-method') match_id = 79bc926098d389030996c1bcd0046741934dfa906ba49f09b2147dc97df587562ae136d62ac2565b7ee4c261aa0db20425613ae2f1445149659188012692bdaf_0
2025-06-09 14:43:30,523 - semgrep.rule_match - DEBUG - match_key = ('col.innerHTML = "...";\n col.innerHTML = `\n                <div class="card format-option" data-format-id="format.format_id">\n                    <div class="card-body text-center">\n                        <i class="icon format-icon text-isAudio\'success\'\'primary\'"></i>\n                        <div class="format-quality">format.quality</div>\n                        <div class="format-details">\n                            <span class="badge badgeClass">format.ext.toUpperCase()</span>\n                            format.filesize`<br><small>this.formatFileSize(format.filesize)</small>\'\'\n                            format.fps`<br><small>format.fps FPS</small>\'\'\n                        </div>\n                    </div>\n                </div>\n            ;\n col.outerHTML = `\n                <div class="card format-option" data-format-id="format.format_id">\n                    <div class="card-body text-center">\n                        <i class="icon format-icon text-isAudio\'success\'\'primary\'"></i>\n                        <div class="format-quality">format.quality</div>\n                        <div class="format-details">\n                            <span class="badge badgeClass">format.ext.toUpperCase()</span>\n                            format.filesize`<br><small>this.formatFileSize(format.filesize)</small>\'\'\n                            format.fps`<br><small>format.fps FPS</small>\'\'\n                        </div>\n                    </div>\n                </div>\n            ;\n document.write(...) col.outerHTML = "...";\n document.write("...")', PosixPath('static/js/main.js'), 'config..semgrep.vendored-rules.javascript.browser.security.insecure-document-method') match_id = d8bcf20119b96cf2ee1698e341066cf9c051e31a5058794d95b75a744019ff2752b6d5ea5f5b709c4fbe33af9d5880044eb8d7f8ebbd9d890348a2637b1bf977_0
2025-06-09 14:43:30,523 - semgrep.rule_match - DEBUG - match_key = ('col.innerHTML = "...";\n col.innerHTML = `\n                <div class="card format-option" data-format-id="format.format_id">\n                    <div class="card-body text-center">\n                        <i class="icon format-icon text-isAudio\'success\'\'primary\'"></i>\n                        <div class="format-quality">format.quality</div>\n                        <div class="format-details">\n                            <span class="badge badgeClass">format.ext.toUpperCase()</span>\n                            format.filesize`<br><small>this.formatFileSize(format.filesize)</small>\'\'\n                            format.fps`<br><small>format.fps FPS</small>\'\'\n                        </div>\n                    </div>\n                </div>\n            ;\n col.outerHTML = `\n                <div class="card format-option" data-format-id="format.format_id">\n                    <div class="card-body text-center">\n                        <i class="icon format-icon text-isAudio\'success\'\'primary\'"></i>\n                        <div class="format-quality">format.quality</div>\n                        <div class="format-details">\n                            <span class="badge badgeClass">format.ext.toUpperCase()</span>\n                            format.filesize`<br><small>this.formatFileSize(format.filesize)</small>\'\'\n                            format.fps`<br><small>format.fps FPS</small>\'\'\n                        </div>\n                    </div>\n                </div>\n            ;\n document.write(...) col.outerHTML = "...";\n document.write("...")', PosixPath('static/js/main.js'), 'config..semgrep.vendored-rules.javascript.browser.security.insecure-document-method') match_id = d8bcf20119b96cf2ee1698e341066cf9c051e31a5058794d95b75a744019ff2752b6d5ea5f5b709c4fbe33af9d5880044eb8d7f8ebbd9d890348a2637b1bf977_0
2025-06-09 14:43:30,524 - semgrep.rule_match - DEBUG - match_key = ('col.innerHTML = "...";\n col.innerHTML = `\n                <div class="card format-option" data-format-id="format.format_id">\n                    <div class="card-body text-center">\n                        <i class="icon format-icon text-isAudio\'success\'\'primary\'"></i>\n                        <div class="format-quality">format.quality</div>\n                        <div class="format-details">\n                            <span class="badge badgeClass">format.ext.toUpperCase()</span>\n                            format.filesize`<br><small>this.formatFileSize(format.filesize)</small>\'\'\n                            format.fps`<br><small>format.fps FPS</small>\'\'\n                        </div>\n                    </div>\n                </div>\n            ;\n col.outerHTML = `\n                <div class="card format-option" data-format-id="format.format_id">\n                    <div class="card-body text-center">\n                        <i class="icon format-icon text-isAudio\'success\'\'primary\'"></i>\n                        <div class="format-quality">format.quality</div>\n                        <div class="format-details">\n                            <span class="badge badgeClass">format.ext.toUpperCase()</span>\n                            format.filesize`<br><small>this.formatFileSize(format.filesize)</small>\'\'\n                            format.fps`<br><small>format.fps FPS</small>\'\'\n                        </div>\n                    </div>\n                </div>\n            ;\n document.write(...) col.outerHTML = "...";\n document.write("...")', PosixPath('static/js/main.js'), 'config..semgrep.vendored-rules.javascript.browser.security.insecure-document-method') match_id = d8bcf20119b96cf2ee1698e341066cf9c051e31a5058794d95b75a744019ff2752b6d5ea5f5b709c4fbe33af9d5880044eb8d7f8ebbd9d890348a2637b1bf977_0
2025-06-09 14:43:30,524 - semgrep.rule_match - DEBUG - match_key = ('', PosixPath('static/js/main.js'), 'config..semgrep.vendored-rules.javascript.lang.security.html-in-template-string') match_id = b60a8265633a21906524ca60770b2e48d5727fe1e8ff646819fd0a777a22d868959c57dca8de361951f0bd62360303fb327dd4aea1cb4a4bf4a2cc0b111a844f_0
2025-06-09 14:43:30,525 - semgrep.rule_match - DEBUG - match_key = ('<br><small> .*</?[a-zA-Z] `<br><small>${this.formatFileSize(format.filesize)}...`\n `...${this.formatFileSize(format.filesize)}<br><small>`\n', PosixPath('static/js/main.js'), 'config..semgrep.vendored-rules.javascript.lang.security.html-in-template-string') match_id = 6e4ac8b319c3457a4f05cc8ac1ab3e85bdc267b53164f813e93a2a8d2c9e9776138d7b5970770d00a63e9f8b8895275ed91d687571d8f62e50a799653605d37c_0
2025-06-09 14:43:30,525 - semgrep.rule_match - DEBUG - match_key = ('<br><small> .*</?[a-zA-Z] `<br><small>${this.formatFileSize(format.filesize)}...`\n `...${this.formatFileSize(format.filesize)}<br><small>`\n', PosixPath('static/js/main.js'), 'config..semgrep.vendored-rules.javascript.lang.security.html-in-template-string') match_id = 6e4ac8b319c3457a4f05cc8ac1ab3e85bdc267b53164f813e93a2a8d2c9e9776138d7b5970770d00a63e9f8b8895275ed91d687571d8f62e50a799653605d37c_0
2025-06-09 14:43:30,526 - semgrep.rule_match - DEBUG - match_key = ('<br><small> .*</?[a-zA-Z] `<br><small>${this.formatFileSize(format.filesize)}...`\n `...${this.formatFileSize(format.filesize)}<br><small>`\n', PosixPath('static/js/main.js'), 'config..semgrep.vendored-rules.javascript.lang.security.html-in-template-string') match_id = 6e4ac8b319c3457a4f05cc8ac1ab3e85bdc267b53164f813e93a2a8d2c9e9776138d7b5970770d00a63e9f8b8895275ed91d687571d8f62e50a799653605d37c_0
2025-06-09 14:43:30,526 - semgrep.rule_match - DEBUG - match_key = ('', PosixPath('static/js/main.js'), 'config..semgrep.vendored-rules.javascript.lang.security.html-in-template-string') match_id = b60a8265633a21906524ca60770b2e48d5727fe1e8ff646819fd0a777a22d868959c57dca8de361951f0bd62360303fb327dd4aea1cb4a4bf4a2cc0b111a844f_0
2025-06-09 14:43:30,527 - semgrep.rule_match - DEBUG - match_key = ('<br><small> .*</?[a-zA-Z] `<br><small>${format.fps}...`\n `...${format.fps}<br><small>`\n', PosixPath('static/js/main.js'), 'config..semgrep.vendored-rules.javascript.lang.security.html-in-template-string') match_id = 2af66d243de3ab7789d2f03737456879ba38620894c94d3f287071f1389a5b08a1f30f1b8d165cda2ebe9521bb519569a45f80568ec2bc7331d8cdfa660bd0c1_0
2025-06-09 14:43:30,527 - semgrep.rule_match - DEBUG - match_key = ('<br><small> .*</?[a-zA-Z] `<br><small>${format.fps}...`\n `...${format.fps}<br><small>`\n', PosixPath('static/js/main.js'), 'config..semgrep.vendored-rules.javascript.lang.security.html-in-template-string') match_id = 2af66d243de3ab7789d2f03737456879ba38620894c94d3f287071f1389a5b08a1f30f1b8d165cda2ebe9521bb519569a45f80568ec2bc7331d8cdfa660bd0c1_0
2025-06-09 14:43:30,528 - semgrep.rule_match - DEBUG - match_key = ('<br><small> .*</?[a-zA-Z] `<br><small>${format.fps}...`\n `...${format.fps}<br><small>`\n', PosixPath('static/js/main.js'), 'config..semgrep.vendored-rules.javascript.lang.security.html-in-template-string') match_id = 2af66d243de3ab7789d2f03737456879ba38620894c94d3f287071f1389a5b08a1f30f1b8d165cda2ebe9521bb519569a45f80568ec2bc7331d8cdfa660bd0c1_0
2025-06-09 14:43:30,528 - semgrep.rule_match - DEBUG - match_key = ('', PosixPath('templates/index.html'), 'config..semgrep.vendored-rules.html.security.audit.missing-integrity') match_id = 72e9486c768693b9374a54a12f9e975bc92df5555dca91696c5817cdda12c5c25b2dffc52dee4b88ad9f7b87bf924ce6707c68e222dd549c703ce368a8c3f5a6_0
2025-06-09 14:43:30,529 - semgrep.rule_match - DEBUG - match_key = (' href="https://cdn.replit.com/agent/bootstrap-agent-dark-theme.min.css" rel="stylesheet" (?is).*integrity= (google-analytics\\.com|fonts\\.googleapis\\.com|fonts\\.gstatic\\.com|googletagmanager\\.com) .*rel\\s*=\\s*[\'"]?preconnect.* href="... :// ..." href="//..." href=\'... :// ...\' href=\'//...\' src="... :// ..." src="//..." src=\'... :// ...\' src=\'//...\' <link  href="https://cdn.replit.com/agent/bootstrap-agent-dark-theme.min.css" rel="stylesheet" > <script  href="https://cdn.replit.com/agent/bootstrap-agent-dark-theme.min.css" rel="stylesheet" >...</script>', PosixPath('templates/index.html'), 'config..semgrep.vendored-rules.html.security.audit.missing-integrity') match_id = 56975a17cb7a96c8e0f022bf1d4947900bc063302184f4ad2f6302e789454db1050ed9d3cb59edff1dc10707cc4586d0ec81cb97c8fbb1ecb15c5ed127c82efe_0
2025-06-09 14:43:30,529 - semgrep.rule_match - DEBUG - match_key = (' href="https://cdn.replit.com/agent/bootstrap-agent-dark-theme.min.css" rel="stylesheet" (?is).*integrity= (google-analytics\\.com|fonts\\.googleapis\\.com|fonts\\.gstatic\\.com|googletagmanager\\.com) .*rel\\s*=\\s*[\'"]?preconnect.* href="... :// ..." href="//..." href=\'... :// ...\' href=\'//...\' src="... :// ..." src="//..." src=\'... :// ...\' src=\'//...\' <link  href="https://cdn.replit.com/agent/bootstrap-agent-dark-theme.min.css" rel="stylesheet" > <script  href="https://cdn.replit.com/agent/bootstrap-agent-dark-theme.min.css" rel="stylesheet" >...</script>', PosixPath('templates/index.html'), 'config..semgrep.vendored-rules.html.security.audit.missing-integrity') match_id = 56975a17cb7a96c8e0f022bf1d4947900bc063302184f4ad2f6302e789454db1050ed9d3cb59edff1dc10707cc4586d0ec81cb97c8fbb1ecb15c5ed127c82efe_0
2025-06-09 14:43:30,530 - semgrep.rule_match - DEBUG - match_key = (' href="https://cdn.replit.com/agent/bootstrap-agent-dark-theme.min.css" rel="stylesheet" (?is).*integrity= (google-analytics\\.com|fonts\\.googleapis\\.com|fonts\\.gstatic\\.com|googletagmanager\\.com) .*rel\\s*=\\s*[\'"]?preconnect.* href="... :// ..." href="//..." href=\'... :// ...\' href=\'//...\' src="... :// ..." src="//..." src=\'... :// ...\' src=\'//...\' <link  href="https://cdn.replit.com/agent/bootstrap-agent-dark-theme.min.css" rel="stylesheet" > <script  href="https://cdn.replit.com/agent/bootstrap-agent-dark-theme.min.css" rel="stylesheet" >...</script>', PosixPath('templates/index.html'), 'config..semgrep.vendored-rules.html.security.audit.missing-integrity') match_id = 56975a17cb7a96c8e0f022bf1d4947900bc063302184f4ad2f6302e789454db1050ed9d3cb59edff1dc10707cc4586d0ec81cb97c8fbb1ecb15c5ed127c82efe_0
2025-06-09 14:43:30,530 - semgrep.rule_match - DEBUG - match_key = ('', PosixPath('templates/index.html'), 'config..semgrep.vendored-rules.html.security.audit.missing-integrity') match_id = 72e9486c768693b9374a54a12f9e975bc92df5555dca91696c5817cdda12c5c25b2dffc52dee4b88ad9f7b87bf924ce6707c68e222dd549c703ce368a8c3f5a6_0
2025-06-09 14:43:30,530 - semgrep.rule_match - DEBUG - match_key = (' href="https://cdnjs.cloudflare.com/ajax/libs/font-awesome/6.0.0/css/all.min.css" rel="stylesheet" (?is).*integrity= (google-analytics\\.com|fonts\\.googleapis\\.com|fonts\\.gstatic\\.com|googletagmanager\\.com) .*rel\\s*=\\s*[\'"]?preconnect.* href="... :// ..." href="//..." href=\'... :// ...\' href=\'//...\' src="... :// ..." src="//..." src=\'... :// ...\' src=\'//...\' <link  href="https://cdnjs.cloudflare.com/ajax/libs/font-awesome/6.0.0/css/all.min.css" rel="stylesheet" > <script  href="https://cdnjs.cloudflare.com/ajax/libs/font-awesome/6.0.0/css/all.min.css" rel="stylesheet" >...</script>', PosixPath('templates/index.html'), 'config..semgrep.vendored-rules.html.security.audit.missing-integrity') match_id = d1c5ad698c4d45c9682d6a8116ac73ebfa01f9e831a48b6a0e48a7384ea3a585b323b84ec310600c2d4656e2bc8c318c58467fd0b2c519c40b55198d30da8877_0
2025-06-09 14:43:30,531 - semgrep.rule_match - DEBUG - match_key = (' href="https://cdnjs.cloudflare.com/ajax/libs/font-awesome/6.0.0/css/all.min.css" rel="stylesheet" (?is).*integrity= (google-analytics\\.com|fonts\\.googleapis\\.com|fonts\\.gstatic\\.com|googletagmanager\\.com) .*rel\\s*=\\s*[\'"]?preconnect.* href="... :// ..." href="//..." href=\'... :// ...\' href=\'//...\' src="... :// ..." src="//..." src=\'... :// ...\' src=\'//...\' <link  href="https://cdnjs.cloudflare.com/ajax/libs/font-awesome/6.0.0/css/all.min.css" rel="stylesheet" > <script  href="https://cdnjs.cloudflare.com/ajax/libs/font-awesome/6.0.0/css/all.min.css" rel="stylesheet" >...</script>', PosixPath('templates/index.html'), 'config..semgrep.vendored-rules.html.security.audit.missing-integrity') match_id = d1c5ad698c4d45c9682d6a8116ac73ebfa01f9e831a48b6a0e48a7384ea3a585b323b84ec310600c2d4656e2bc8c318c58467fd0b2c519c40b55198d30da8877_0
2025-06-09 14:43:30,531 - semgrep.rule_match - DEBUG - match_key = (' href="https://cdnjs.cloudflare.com/ajax/libs/font-awesome/6.0.0/css/all.min.css" rel="stylesheet" (?is).*integrity= (google-analytics\\.com|fonts\\.googleapis\\.com|fonts\\.gstatic\\.com|googletagmanager\\.com) .*rel\\s*=\\s*[\'"]?preconnect.* href="... :// ..." href="//..." href=\'... :// ...\' href=\'//...\' src="... :// ..." src="//..." src=\'... :// ...\' src=\'//...\' <link  href="https://cdnjs.cloudflare.com/ajax/libs/font-awesome/6.0.0/css/all.min.css" rel="stylesheet" > <script  href="https://cdnjs.cloudflare.com/ajax/libs/font-awesome/6.0.0/css/all.min.css" rel="stylesheet" >...</script>', PosixPath('templates/index.html'), 'config..semgrep.vendored-rules.html.security.audit.missing-integrity') match_id = d1c5ad698c4d45c9682d6a8116ac73ebfa01f9e831a48b6a0e48a7384ea3a585b323b84ec310600c2d4656e2bc8c318c58467fd0b2c519c40b55198d30da8877_0
2025-06-09 14:43:30,532 - semgrep.rule_match - DEBUG - match_key = ('', PosixPath('templates/index.html'), 'config..semgrep.vendored-rules.python.django.security.django-no-csrf-token') match_id = f41d162ec9b9ab4cc275064c2b0483f38876e8b1c8e0ed1d0ff7b5ae93e00b63fc97f0fc46f9188f53a47a8016873799ae63c7e02fc2b2877e6f9fb4cc13761e_0
2025-06-09 14:43:30,532 - semgrep.rule_match - DEBUG - match_key = ('POST (?i)(post|put|delete|patch) <form ... method="POST" ...>...</form>\n <form ... method=POST ...>...</form>\n <form ... method=\'POST\' ...>...</form>\n <form...>...</form> <form...>...{% csrf_token %}...</form> <form...>...{{ $VAR.csrf_token }}...</form>', PosixPath('templates/index.html'), 'config..semgrep.vendored-rules.python.django.security.django-no-csrf-token') match_id = 843e50b38d7062eeaf72afa86215c32370f802658cf923390aa0545179d5ca2f2f5748911d027a0a7dd035ba208a316a5171f15d8c6b3b984142378d5991be71_0
2025-06-09 14:43:30,533 - semgrep.rule_match - DEBUG - match_key = ('POST (?i)(post|put|delete|patch) <form ... method="POST" ...>...</form>\n <form ... method=POST ...>...</form>\n <form ... method=\'POST\' ...>...</form>\n <form...>...</form> <form...>...{% csrf_token %}...</form> <form...>...{{ $VAR.csrf_token }}...</form>', PosixPath('templates/index.html'), 'config..semgrep.vendored-rules.python.django.security.django-no-csrf-token') match_id = 843e50b38d7062eeaf72afa86215c32370f802658cf923390aa0545179d5ca2f2f5748911d027a0a7dd035ba208a316a5171f15d8c6b3b984142378d5991be71_0
2025-06-09 14:43:30,534 - semgrep.rule_match - DEBUG - match_key = ('POST (?i)(post|put|delete|patch) <form ... method="POST" ...>...</form>\n <form ... method=POST ...>...</form>\n <form ... method=\'POST\' ...>...</form>\n <form...>...</form> <form...>...{% csrf_token %}...</form> <form...>...{{ $VAR.csrf_token }}...</form>', PosixPath('templates/index.html'), 'config..semgrep.vendored-rules.python.django.security.django-no-csrf-token') match_id = 843e50b38d7062eeaf72afa86215c32370f802658cf923390aa0545179d5ca2f2f5748911d027a0a7dd035ba208a316a5171f15d8c6b3b984142378d5991be71_0
2025-06-09 14:43:30,534 - semgrep.rule_match - DEBUG - match_key = ('', PosixPath('templates/index.html'), 'config..semgrep.vendored-rules.html.security.audit.missing-integrity') match_id = 72e9486c768693b9374a54a12f9e975bc92df5555dca91696c5817cdda12c5c25b2dffc52dee4b88ad9f7b87bf924ce6707c68e222dd549c703ce368a8c3f5a6_0
2025-06-09 14:43:30,535 - semgrep.rule_match - DEBUG - match_key = (' src="https://cdn.jsdelivr.net/npm/bootstrap@5.3.0/dist/js/bootstrap.bundle.min.js" (?is).*integrity= (google-analytics\\.com|fonts\\.googleapis\\.com|fonts\\.gstatic\\.com|googletagmanager\\.com) .*rel\\s*=\\s*[\'"]?preconnect.* href="... :// ..." href="//..." href=\'... :// ...\' href=\'//...\' src="... :// ..." src="//..." src=\'... :// ...\' src=\'//...\' <link  src="https://cdn.jsdelivr.net/npm/bootstrap@5.3.0/dist/js/bootstrap.bundle.min.js" > <script  src="https://cdn.jsdelivr.net/npm/bootstrap@5.3.0/dist/js/bootstrap.bundle.min.js" >...</script>', PosixPath('templates/index.html'), 'config..semgrep.vendored-rules.html.security.audit.missing-integrity') match_id = 064426b67598960a45720b4280e44a8c4e432f97196175b0e72a994b8d65d10f9ae29e52183a6fa32b968c86f8e06762787788f32f57214a20433dedc724e69c_0
2025-06-09 14:43:30,535 - semgrep.rule_match - DEBUG - match_key = (' src="https://cdn.jsdelivr.net/npm/bootstrap@5.3.0/dist/js/bootstrap.bundle.min.js" (?is).*integrity= (google-analytics\\.com|fonts\\.googleapis\\.com|fonts\\.gstatic\\.com|googletagmanager\\.com) .*rel\\s*=\\s*[\'"]?preconnect.* href="... :// ..." href="//..." href=\'... :// ...\' href=\'//...\' src="... :// ..." src="//..." src=\'... :// ...\' src=\'//...\' <link  src="https://cdn.jsdelivr.net/npm/bootstrap@5.3.0/dist/js/bootstrap.bundle.min.js" > <script  src="https://cdn.jsdelivr.net/npm/bootstrap@5.3.0/dist/js/bootstrap.bundle.min.js" >...</script>', PosixPath('templates/index.html'), 'config..semgrep.vendored-rules.html.security.audit.missing-integrity') match_id = 064426b67598960a45720b4280e44a8c4e432f97196175b0e72a994b8d65d10f9ae29e52183a6fa32b968c86f8e06762787788f32f57214a20433dedc724e69c_0
2025-06-09 14:43:30,536 - semgrep.rule_match - DEBUG - match_key = (' src="https://cdn.jsdelivr.net/npm/bootstrap@5.3.0/dist/js/bootstrap.bundle.min.js" (?is).*integrity= (google-analytics\\.com|fonts\\.googleapis\\.com|fonts\\.gstatic\\.com|googletagmanager\\.com) .*rel\\s*=\\s*[\'"]?preconnect.* href="... :// ..." href="//..." href=\'... :// ...\' href=\'//...\' src="... :// ..." src="//..." src=\'... :// ...\' src=\'//...\' <link  src="https://cdn.jsdelivr.net/npm/bootstrap@5.3.0/dist/js/bootstrap.bundle.min.js" > <script  src="https://cdn.jsdelivr.net/npm/bootstrap@5.3.0/dist/js/bootstrap.bundle.min.js" >...</script>', PosixPath('templates/index.html'), 'config..semgrep.vendored-rules.html.security.audit.missing-integrity') match_id = 064426b67598960a45720b4280e44a8c4e432f97196175b0e72a994b8d65d10f9ae29e52183a6fa32b968c86f8e06762787788f32f57214a20433dedc724e69c_0
2025-06-09 14:43:30,537 - semgrep.rule_match - DEBUG - match_key = ('', PosixPath('templates/index.html'), 'config..semgrep.vendored-rules.javascript.express.security.audit.xss.mustache.var-in-script-tag') match_id = f4aa0135e5d07f1058e1929ae070180b54ffec92eb732e0a24b27d5223b73f4d3b52fc32026c376bb9de5378ecaac77fe1da9750a32af7046f37d33919b23d5c_0
2025-06-09 14:43:30,537 - semgrep.rule_match - DEBUG - match_key = ('<script ...> ... </script> {{ ... }}', PosixPath('templates/index.html'), 'config..semgrep.vendored-rules.javascript.express.security.audit.xss.mustache.var-in-script-tag') match_id = 5f90ab8acddd27ffb6a7f259e0a236aa3f1fee76d13e8cc84f63403ff2a56105bddc6e7faf03a3fdc1a93a9a79130d84a989556aabd2f8e6649e5cd5b297178c_0
2025-06-09 14:43:30,538 - semgrep.rule_match - DEBUG - match_key = ('<script ...> ... </script> {{ ... }}', PosixPath('templates/index.html'), 'config..semgrep.vendored-rules.javascript.express.security.audit.xss.mustache.var-in-script-tag') match_id = 5f90ab8acddd27ffb6a7f259e0a236aa3f1fee76d13e8cc84f63403ff2a56105bddc6e7faf03a3fdc1a93a9a79130d84a989556aabd2f8e6649e5cd5b297178c_0
2025-06-09 14:43:30,538 - semgrep.rule_match - DEBUG - match_key = ('<script ...> ... </script> {{ ... }}', PosixPath('templates/index.html'), 'config..semgrep.vendored-rules.javascript.express.security.audit.xss.mustache.var-in-script-tag') match_id = 5f90ab8acddd27ffb6a7f259e0a236aa3f1fee76d13e8cc84f63403ff2a56105bddc6e7faf03a3fdc1a93a9a79130d84a989556aabd2f8e6649e5cd5b297178c_0
2025-06-09 14:43:30,540 - semgrep.core_runner - DEBUG - semgrep ran in 0:00:01.580505 on 9 files
2025-06-09 14:43:30,541 - semgrep.core_runner - DEBUG - findings summary: 10 warning, 2 error, 0 info
2025-06-09 14:43:30,543 - semgrep.app.auth - DEBUG - Getting API token from settings file
2025-06-09 14:43:30,543 - semgrep.app.auth - DEBUG - No API token found in settings file
2025-06-09 14:43:30,544 - semgrep.semgrep_core - DEBUG - Failed to open resource semgrep-core-proprietary: [Errno 2] No such file or directory: '/tmp/_MEIFFYeC5/semgrep/bin/semgrep-core-proprietary'.
2025-06-09 14:43:30,664 - semgrep.output - VERBOSE - 
========================================
Files skipped:
========================================

  Always skipped by Opengrep:

   • <none>

  Skipped by .gitignore:
  (Disable by passing --no-git-ignore)

   • <all files not listed by `git ls-files` were skipped>

  Skipped by .semgrepignore:
  - https://semgrep.dev/docs/ignoring-files-folders-code/#understand-semgrep-defaults

   • <none>

  Skipped by --include patterns:

   • <none>

  Skipped by --exclude patterns:

   • <none>

  Files skipped due to insufficient read permissions:

   • <none>

  Skipped by limiting to files smaller than 1000000 bytes:
  (Adjust with the --max-target-bytes flag)

   • <none>

  Partially analyzed due to parsing or internal Opengrep errors

   • <none>

2025-06-09 14:43:30,665 - semgrep.output - INFO - Some files were skipped or only partially analyzed.
  Scan was limited to files tracked by git.

Ran 681 rules on 9 files: 12 findings.
2025-06-09 14:43:30,666 - semgrep.app.version - DEBUG - Version cache does not exist
2025-06-09 14:43:30,682 - semgrep.metrics - VERBOSE - Not sending pseudonymous metrics since metrics are configured to OFF and registry usage is False
